<?xml version="1.0" encoding="utf-8"?><testsuites name="pytest tests"><testsuite name="pytest" errors="0" failures="0" skipped="0" tests="3" time="34.099" timestamp="2026-09-12T00:58:49.894932+00:00" hostname="agent-env-0d3a3504-65aa-464f-a469-766090507f4f"><testcase classname="backend.tests.test_ai_vibe_recommendations" name="test_default_vibe_returns_at_most_10" time="13.890" /><testcase classname="backend.tests.test_ai_vibe_recommendations" name="test_feeling_adventurous_filter" time="8.893" /><testcase classname="backend.tests.test_ai_vibe_recommendations" name="test_only_my_streaming_filter" time="11.268" /></testsuite></testsuites>