<?xml version="1.0" encoding="utf-8"?><testsuites name="pytest tests"><testsuite name="pytest" errors="0" failures="0" skipped="0" tests="14" time="2.419" timestamp="2026-03-04T06:19:34.323040+00:00" hostname="agent-env-3055b73c-8173-49a0-94d8-3d1b496eda69"><testcase classname="backend.tests.test_auth.TestAuthRegister" name="test_register_success_with_birth_date" time="0.178" /><testcase classname="backend.tests.test_auth.TestAuthRegister" name="test_register_duplicate_email" time="0.241" /><testcase classname="backend.tests.test_auth.TestAuthRegister" name="test_register_duplicate_username" time="0.215" /><testcase classname="backend.tests.test_auth.TestAuthLogin" name="test_login_success" time="0.256" /><testcase classname="backend.tests.test_auth.TestAuthLogin" name="test_login_invalid_credentials" time="0.100" /><testcase classname="backend.tests.test_auth.TestAuthLogin" name="test_login_existing_user" time="0.205" /><testcase classname="backend.tests.test_auth.TestLocationPermission" name="test_update_location_permission_always" time="0.253" /><testcase classname="backend.tests.test_auth.TestLocationPermission" name="test_update_location_permission_ask" time="0.118" /><testcase classname="backend.tests.test_auth.TestLocationPermission" name="test_update_location_permission_never" time="0.101" /><testcase classname="backend.tests.test_auth.TestLocationPermission" name="test_location_permission_without_auth" time="0.110" /><testcase classname="backend.tests.test_auth.TestAuthMe" name="test_get_me_success" time="0.197" /><testcase classname="backend.tests.test_auth.TestAuthMe" name="test_get_me_without_auth" time="0.107" /><testcase classname="backend.tests.test_auth.TestHealthCheck" name="test_api_root" time="0.100" /><testcase classname="backend.tests.test_auth.TestHealthCheck" name="test_trending_movies" time="0.177" /></testsuite></testsuites>