<?xml version="1.0" encoding="utf-8"?><testsuites name="pytest tests"><testsuite name="pytest" errors="0" failures="0" skipped="0" tests="24" time="3.883" timestamp="2026-03-04T07:38:31.191689+00:00" hostname="agent-env-3055b73c-8173-49a0-94d8-3d1b496eda69"><testcase classname="backend.tests.test_user_details.TestTMDBMovieSearch" name="test_search_tmdb_basic" time="0.219" /><testcase classname="backend.tests.test_user_details.TestTMDBMovieSearch" name="test_search_tmdb_result_structure" time="0.109" /><testcase classname="backend.tests.test_user_details.TestTMDBMovieSearch" name="test_search_tmdb_empty_query" time="0.099" /><testcase classname="backend.tests.test_user_details.TestTMDBMovieSearch" name="test_search_tmdb_short_query" time="0.097" /><testcase classname="backend.tests.test_user_details.TestUserDetailsAuth" name="test_profile_update_gender" time="0.421" /><testcase classname="backend.tests.test_user_details.TestUserDetailsAuth" name="test_profile_update_bio" time="0.299" /><testcase classname="backend.tests.test_user_details.TestUserDetailsAuth" name="test_profile_update_favorite_actors" time="0.302" /><testcase classname="backend.tests.test_user_details.TestUserDetailsAuth" name="test_profile_update_favorite_actors_limit" time="0.213" /><testcase classname="backend.tests.test_user_details.TestUserDetailsAuth" name="test_profile_update_favorite_movies" time="0.200" /><testcase classname="backend.tests.test_user_details.TestUserDetailsAuth" name="test_profile_update_favorite_movies_limit" time="0.198" /><testcase classname="backend.tests.test_user_details.TestUserDetailsAuth" name="test_profile_update_all_fields" time="0.206" /><testcase classname="backend.tests.test_user_details.TestAvatarUpload" name="test_avatar_upload_jpeg" time="0.099" /><testcase classname="backend.tests.test_user_details.TestAvatarUpload" name="test_avatar_upload_invalid_type" time="0.109" /><testcase classname="backend.tests.test_user_details.TestAvatarUpload" name="test_avatar_upload_requires_auth" time="0.098" /><testcase classname="backend.tests.test_user_details.TestLetterboxdImport" name="test_letterboxd_import_basic_csv" time="0.115" /><testcase classname="backend.tests.test_user_details.TestLetterboxdImport" name="test_letterboxd_import_full_format" time="0.102" /><testcase classname="backend.tests.test_user_details.TestLetterboxdImport" name="test_letterboxd_import_name_column" time="0.106" /><testcase classname="backend.tests.test_user_details.TestLetterboxdImport" name="test_letterboxd_import_invalid_format" time="0.102" /><testcase classname="backend.tests.test_user_details.TestLetterboxdImport" name="test_letterboxd_import_empty_csv" time="0.105" /><testcase classname="backend.tests.test_user_details.TestLetterboxdImport" name="test_letterboxd_data_retrieval" time="0.211" /><testcase classname="backend.tests.test_user_details.TestLetterboxdImport" name="test_letterboxd_data_requires_auth" time="0.099" /><testcase classname="backend.tests.test_user_details.TestLetterboxdImport" name="test_letterboxd_import_requires_auth" time="0.093" /><testcase classname="backend.tests.test_user_details.TestUserDetailsNoAuth" name="test_profile_update_requires_auth" time="0.097" /><testcase classname="backend.tests.test_user_details.TestUserDetailsNoAuth" name="test_get_me_requires_auth" time="0.102" /></testsuite></testsuites>