<?xml version="1.0" encoding="utf-8"?><testsuites name="pytest tests"><testsuite name="pytest" errors="0" failures="0" skipped="0" tests="12" time="1.878" timestamp="2026-03-06T08:19:34.812393+00:00" hostname="agent-env-47e59487-4c41-40e0-bc62-b370ddd23d99"><testcase classname="backend.tests.test_scurve_preference.TestSCurveRatingConversion" name="test_scurve_conversion_values" time="0.000" /><testcase classname="backend.tests.test_scurve_preference.TestSCurveRatingConversion" name="test_scurve_compresses_low_ratings" time="0.000" /><testcase classname="backend.tests.test_scurve_preference.TestSCurveRatingConversion" name="test_scurve_amplifies_high_ratings" time="0.000" /><testcase classname="backend.tests.test_scurve_preference.TestProfileInsightsPreference" name="test_profile_insights_returns_avg_preference" time="0.366" /><testcase classname="backend.tests.test_scurve_preference.TestProfileInsightsPreference" name="test_preference_can_be_positive_or_negative" time="0.254" /><testcase classname="backend.tests.test_scurve_preference.TestProfileInsightsPreference" name="test_actors_and_directors_have_avg_preference" time="0.246" /><testcase classname="backend.tests.test_scurve_preference.TestPreferenceCalculation" name="test_bayesian_formula_correctness" time="0.000" /><testcase classname="backend.tests.test_scurve_preference.TestPreferenceCalculation" name="test_preference_signal_calculation" time="0.000" /><testcase classname="backend.tests.test_scurve_preference.TestLetterboxdImportUsesScurve" name="test_diary_entries_use_scurve_ratings" time="0.234" /><testcase classname="backend.tests.test_scurve_preference.TestAPIEndpoints" name="test_profile_insights_endpoint_exists" time="0.246" /><testcase classname="backend.tests.test_scurve_preference.TestAPIEndpoints" name="test_watch_history_endpoint_exists" time="0.264" /><testcase classname="backend.tests.test_scurve_preference.TestAPIEndpoints" name="test_watchlist_endpoint_exists" time="0.203" /></testsuite></testsuites>