<?xml version="1.0" encoding="utf-8"?><testsuites name="pytest tests"><testsuite name="pytest" errors="0" failures="0" skipped="0" tests="23" time="7.711" timestamp="2026-03-04T21:48:06.148101+00:00" hostname="agent-env-3055b73c-8173-49a0-94d8-3d1b496eda69"><testcase classname="backend.tests.test_watch_history.TestWatchHistoryCRUD" name="test_add_movie_to_watch_history" time="0.355" /><testcase classname="backend.tests.test_watch_history.TestWatchHistoryCRUD" name="test_add_movie_with_decimal_rating" time="0.279" /><testcase classname="backend.tests.test_watch_history.TestWatchHistoryCRUD" name="test_add_same_movie_appends_watch_date" time="0.381" /><testcase classname="backend.tests.test_watch_history.TestWatchHistoryCRUD" name="test_add_movie_default_date" time="0.287" /><testcase classname="backend.tests.test_watch_history.TestWatchHistoryCRUD" name="test_add_movie_rating_boundaries" time="0.425" /><testcase classname="backend.tests.test_watch_history.TestWatchHistoryCRUD" name="test_add_movie_invalid_rating" time="0.272" /><testcase classname="backend.tests.test_watch_history.TestWatchHistoryCRUD" name="test_get_watch_history_sorted_by_date" time="0.591" /><testcase classname="backend.tests.test_watch_history.TestWatchHistoryCRUD" name="test_get_watch_history_structure" time="0.391" /><testcase classname="backend.tests.test_watch_history.TestWatchHistoryCRUD" name="test_delete_movie_from_history" time="0.690" /><testcase classname="backend.tests.test_watch_history.TestWatchHistoryCRUD" name="test_delete_nonexistent_movie" time="0.299" /><testcase classname="backend.tests.test_watch_history.TestWatchHistoryCRUD" name="test_update_watch_history_rating" time="0.375" /><testcase classname="backend.tests.test_watch_history.TestWatchHistoryCRUD" name="test_update_watch_history_add_date" time="0.374" /><testcase classname="backend.tests.test_watch_history.TestStreamingServicesProfile" name="test_update_streaming_services" time="0.304" /><testcase classname="backend.tests.test_watch_history.TestStreamingServicesProfile" name="test_streaming_services_all_options" time="0.266" /><testcase classname="backend.tests.test_watch_history.TestStreamingServicesProfile" name="test_get_me_returns_streaming_services" time="0.372" /><testcase classname="backend.tests.test_watch_history.TestStreamingServicesProfile" name="test_streaming_services_persists" time="0.607" /><testcase classname="backend.tests.test_watch_history.TestAuthRequirements" name="test_get_history_requires_auth" time="0.121" /><testcase classname="backend.tests.test_watch_history.TestAuthRequirements" name="test_post_history_requires_auth" time="0.110" /><testcase classname="backend.tests.test_watch_history.TestAuthRequirements" name="test_delete_history_requires_auth" time="0.117" /><testcase classname="backend.tests.test_watch_history.TestAuthRequirements" name="test_put_history_requires_auth" time="0.172" /><testcase classname="backend.tests.test_watch_history.TestAuthRequirements" name="test_invalid_token_rejected" time="0.238" /><testcase classname="backend.tests.test_watch_history.TestTMDBSearch" name="test_search_movie_for_history" time="0.342" /><testcase classname="backend.tests.test_watch_history.TestTMDBSearch" name="test_search_godfather" time="0.242" /></testsuite></testsuites>