<?xml version="1.0" encoding="utf-8"?><testsuites name="pytest tests"><testsuite name="pytest" errors="0" failures="0" skipped="0" tests="17" time="3.409" timestamp="2026-03-05T20:08:11.919239+00:00" hostname="agent-env-47e59487-4c41-40e0-bc62-b370ddd23d99"><testcase classname="backend.tests.test_my_movies_watchlist.TestWatchlistEndpoints" name="test_get_watchlist_empty" time="0.494" /><testcase classname="backend.tests.test_my_movies_watchlist.TestWatchlistEndpoints" name="test_add_to_watchlist" time="0.126" /><testcase classname="backend.tests.test_my_movies_watchlist.TestWatchlistEndpoints" name="test_add_duplicate_to_watchlist" time="0.211" /><testcase classname="backend.tests.test_my_movies_watchlist.TestWatchlistEndpoints" name="test_get_watchlist_with_items" time="0.108" /><testcase classname="backend.tests.test_my_movies_watchlist.TestWatchlistEndpoints" name="test_check_watchlist_in_list" time="0.131" /><testcase classname="backend.tests.test_my_movies_watchlist.TestWatchlistEndpoints" name="test_check_watchlist_not_in_list" time="0.157" /><testcase classname="backend.tests.test_my_movies_watchlist.TestWatchlistEndpoints" name="test_delete_from_watchlist" time="0.367" /><testcase classname="backend.tests.test_my_movies_watchlist.TestWatchlistEndpoints" name="test_delete_not_in_watchlist" time="0.160" /><testcase classname="backend.tests.test_my_movies_watchlist.TestWatchlistEndpoints" name="test_watchlist_requires_auth" time="0.485" /><testcase classname="backend.tests.test_my_movies_watchlist.TestProfileFavoriteDirectors" name="test_update_profile_favorite_directors" time="0.115" /><testcase classname="backend.tests.test_my_movies_watchlist.TestProfileFavoriteDirectors" name="test_get_profile_has_favorite_directors" time="0.107" /><testcase classname="backend.tests.test_my_movies_watchlist.TestProfileFavoriteDirectors" name="test_favorite_directors_limit" time="0.136" /><testcase classname="backend.tests.test_my_movies_watchlist.TestWatchHistoryDiary" name="test_add_to_diary" time="0.130" /><testcase classname="backend.tests.test_my_movies_watchlist.TestWatchHistoryDiary" name="test_get_diary" time="0.141" /><testcase classname="backend.tests.test_my_movies_watchlist.TestWatchHistoryDiary" name="test_remove_from_diary" time="0.247" /><testcase classname="backend.tests.test_my_movies_watchlist.TestGenresEndpoint" name="test_get_genres" time="0.113" /><testcase classname="backend.tests.test_my_movies_watchlist.TestProfileFavoriteGenres" name="test_update_favorite_genres" time="0.114" /></testsuite></testsuites>