<?xml version="1.0" encoding="utf-8"?><testsuites name="pytest tests"><testsuite name="pytest" errors="0" failures="0" skipped="0" tests="22" time="8.846" timestamp="2026-03-05T22:31:07.659626+00:00" hostname="agent-env-47e59487-4c41-40e0-bc62-b370ddd23d99"><testcase classname="backend.tests.test_diary_watches.TestDiaryWatchEntries" name="test_add_watch_entry_creates_new_watch" time="0.442" /><testcase classname="backend.tests.test_diary_watches.TestDiaryWatchEntries" name="test_add_watch_entry_with_decimal_rating" time="0.379" /><testcase classname="backend.tests.test_diary_watches.TestDiaryWatchEntries" name="test_add_watch_entry_rating_boundaries" time="0.470" /><testcase classname="backend.tests.test_diary_watches.TestDiaryWatchEntries" name="test_add_watch_entry_invalid_rating" time="0.394" /><testcase classname="backend.tests.test_diary_watches.TestDiaryWatchEntries" name="test_add_watch_entry_default_date" time="0.379" /><testcase classname="backend.tests.test_diary_watches.TestDiaryWatchEntries" name="test_add_watch_entry_movie_not_in_history" time="0.356" /><testcase classname="backend.tests.test_diary_watches.TestDiaryWatchEntries" name="test_add_watch_entry_comment_truncated" time="0.332" /><testcase classname="backend.tests.test_diary_watches.TestDiaryWatchEntries" name="test_update_watch_entry_rating" time="0.568" /><testcase classname="backend.tests.test_diary_watches.TestDiaryWatchEntries" name="test_update_watch_entry_date" time="0.431" /><testcase classname="backend.tests.test_diary_watches.TestDiaryWatchEntries" name="test_update_watch_entry_comment" time="0.446" /><testcase classname="backend.tests.test_diary_watches.TestDiaryWatchEntries" name="test_update_watch_entry_all_fields" time="0.478" /><testcase classname="backend.tests.test_diary_watches.TestDiaryWatchEntries" name="test_update_watch_entry_not_found" time="0.339" /><testcase classname="backend.tests.test_diary_watches.TestDiaryWatchEntries" name="test_update_watch_entry_movie_not_found" time="0.397" /><testcase classname="backend.tests.test_diary_watches.TestDiaryWatchEntries" name="test_delete_watch_entry_keeps_movie" time="0.613" /><testcase classname="backend.tests.test_diary_watches.TestDiaryWatchEntries" name="test_delete_last_watch_removes_movie" time="0.677" /><testcase classname="backend.tests.test_diary_watches.TestDiaryWatchEntries" name="test_delete_watch_entry_not_found" time="0.397" /><testcase classname="backend.tests.test_diary_watches.TestDiaryWatchEntries" name="test_delete_watch_entry_movie_not_found" time="0.365" /><testcase classname="backend.tests.test_diary_watches.TestDiaryWatchEntries" name="test_get_watch_history_contains_watches_array" time="0.363" /><testcase classname="backend.tests.test_diary_watches.TestDiaryWatchEntries" name="test_summary_fields_sync_with_watches" time="0.594" /><testcase classname="backend.tests.test_diary_watches.TestDiaryAuthRequirements" name="test_add_watch_entry_requires_auth" time="0.105" /><testcase classname="backend.tests.test_diary_watches.TestDiaryAuthRequirements" name="test_update_watch_entry_requires_auth" time="0.118" /><testcase classname="backend.tests.test_diary_watches.TestDiaryAuthRequirements" name="test_delete_watch_entry_requires_auth" time="0.121" /></testsuite></testsuites>