<?xml version="1.0" encoding="utf-8"?><testsuites name="pytest tests"><testsuite name="pytest" errors="0" failures="0" skipped="0" tests="13" time="3.160" timestamp="2026-03-06T06:23:20.490341+00:00" hostname="agent-env-47e59487-4c41-40e0-bc62-b370ddd23d99"><testcase classname="backend.tests.test_profile_insights.TestProfileInsights" name="test_profile_insights_returns_200_for_authenticated_user" time="0.482" /><testcase classname="backend.tests.test_profile_insights.TestProfileInsights" name="test_profile_insights_returns_401_without_auth" time="0.132" /><testcase classname="backend.tests.test_profile_insights.TestProfileInsights" name="test_profile_insights_genres_have_correct_fields" time="0.249" /><testcase classname="backend.tests.test_profile_insights.TestProfileInsights" name="test_profile_insights_actors_have_correct_fields" time="0.233" /><testcase classname="backend.tests.test_profile_insights.TestProfileInsights" name="test_profile_insights_directors_have_correct_fields" time="0.265" /><testcase classname="backend.tests.test_profile_insights.TestProfileInsights" name="test_profile_insights_actors_have_profile_images" time="0.235" /><testcase classname="backend.tests.test_profile_insights.TestProfileInsights" name="test_profile_insights_directors_have_profile_images" time="0.241" /><testcase classname="backend.tests.test_profile_insights.TestProfileInsights" name="test_profile_insights_returns_max_5_items" time="0.235" /><testcase classname="backend.tests.test_profile_insights.TestProfileInsights" name="test_profile_insights_empty_arrays_for_no_watch_history" time="0.220" /><testcase classname="backend.tests.test_profile_insights.TestProfileInsights" name="test_profile_insights_genres_sorted_by_score" time="0.232" /><testcase classname="backend.tests.test_profile_insights.TestFavoriteMoviesProfile" name="test_profile_update_favorite_movies" time="0.251" /><testcase classname="backend.tests.test_profile_insights.TestFavoriteMoviesProfile" name="test_profile_favorite_movies_max_5" time="0.113" /><testcase classname="backend.tests.test_profile_insights.TestFavoriteMoviesProfile" name="test_profile_favorite_movies_returned_on_login" time="0.194" /></testsuite></testsuites>