<?xml version="1.0" encoding="utf-8"?><testsuites name="pytest tests"><testsuite name="pytest" errors="0" failures="0" skipped="0" tests="17" time="5.541" timestamp="2026-03-06T07:40:12.858649+00:00" hostname="agent-env-47e59487-4c41-40e0-bc62-b370ddd23d99"><testcase classname="backend.tests.test_imdb_integration.TestMongoDBMoviesCollection" name="test_movies_collection_count" time="0.870" /><testcase classname="backend.tests.test_imdb_integration.TestSearchTMDBEndpoint" name="test_search_returns_local_results_with_source_flag" time="0.641" /><testcase classname="backend.tests.test_imdb_integration.TestSearchTMDBEndpoint" name="test_search_returns_tmdb_poster_backfill" time="0.293" /><testcase classname="backend.tests.test_imdb_integration.TestSearchTMDBEndpoint" name="test_search_uses_tmdb_id_for_local_results" time="0.289" /><testcase classname="backend.tests.test_imdb_integration.TestSearchTMDBEndpoint" name="test_search_returns_year" time="0.608" /><testcase classname="backend.tests.test_imdb_integration.TestSearchTMDBEndpoint" name="test_search_fallback_to_tmdb" time="0.175" /><testcase classname="backend.tests.test_imdb_integration.TestSearchTMDBEndpoint" name="test_search_minimum_query_length" time="0.102" /><testcase classname="backend.tests.test_imdb_integration.TestMovieDetailEnrichment" name="test_movie_detail_has_imdb_rating" time="0.253" /><testcase classname="backend.tests.test_imdb_integration.TestMovieDetailEnrichment" name="test_movie_detail_has_metascore" time="0.105" /><testcase classname="backend.tests.test_imdb_integration.TestMovieDetailEnrichment" name="test_movie_detail_has_box_office" time="0.101" /><testcase classname="backend.tests.test_imdb_integration.TestMovieDetailEnrichment" name="test_movie_detail_has_awards" time="0.106" /><testcase classname="backend.tests.test_imdb_integration.TestMovieDetailEnrichment" name="test_movie_detail_has_mpa_rating" time="0.102" /><testcase classname="backend.tests.test_imdb_integration.TestMovieDetailEnrichment" name="test_movie_detail_dune_part_two" time="0.168" /><testcase classname="backend.tests.test_imdb_integration.TestMovieDetailEnrichment" name="test_movie_detail_retains_tmdb_data" time="0.104" /><testcase classname="backend.tests.test_imdb_integration.TestMovieDetailWithoutLocalData" name="test_movie_detail_null_imdb_fields_for_non_local" time="0.166" /><testcase classname="backend.tests.test_imdb_integration.TestSearchIntegrationFlow" name="test_search_to_detail_flow" time="0.435" /><testcase classname="backend.tests.test_imdb_integration.TestSearchIntegrationFlow" name="test_multiple_searches_return_varied_results" time="0.941" /></testsuite></testsuites>