<?xml version="1.0" encoding="utf-8"?><testsuites name="pytest tests"><testsuite name="pytest" errors="0" failures="0" skipped="0" tests="17" time="7.324" timestamp="2026-05-12T20:59:25.098711+00:00" hostname="agent-env-0d3a3504-65aa-464f-a469-766090507f4f"><testcase classname="backend.tests.test_eliminative_logic_game.TestTrainingPoolLogic" name="test_game_start_returns_training_pool_size" time="1.076" /><testcase classname="backend.tests.test_eliminative_logic_game.TestTrainingPoolLogic" name="test_game_start_returns_has_sufficient_data" time="0.063" /><testcase classname="backend.tests.test_eliminative_logic_game.TestTrainingPoolLogic" name="test_movies_from_training_pool_have_genres" time="0.069" /><testcase classname="backend.tests.test_eliminative_logic_game.TestDissimilarPairs" name="test_initial_pair_has_different_movies" time="0.065" /><testcase classname="backend.tests.test_eliminative_logic_game.TestDissimilarPairs" name="test_challenger_is_dissimilar_to_king" time="0.315" /><testcase classname="backend.tests.test_eliminative_logic_game.TestReactionTimeScoring" name="test_fast_reaction_gives_5_points" time="0.129" /><testcase classname="backend.tests.test_eliminative_logic_game.TestReactionTimeScoring" name="test_average_reaction_gives_2_points" time="0.125" /><testcase classname="backend.tests.test_eliminative_logic_game.TestReactionTimeScoring" name="test_slow_reaction_gives_1_point" time="0.123" /><testcase classname="backend.tests.test_eliminative_logic_game.TestSuperLikeScoring" name="test_super_like_doubles_score" time="0.123" /><testcase classname="backend.tests.test_eliminative_logic_game.TestSkipBehavior" name="test_skip_gives_zero_points" time="0.291" /><testcase classname="backend.tests.test_eliminative_logic_game.TestSkipBehavior" name="test_skip_king_stays_if_exists" time="0.269" /><testcase classname="backend.tests.test_eliminative_logic_game.TestCantDecideBehavior" name="test_cant_decide_gives_2_points_to_both" time="0.232" /><testcase classname="backend.tests.test_eliminative_logic_game.TestCantDecideBehavior" name="test_cant_decide_king_stays" time="0.334" /><testcase classname="backend.tests.test_eliminative_logic_game.TestDiscoveryPoolRecommendations" name="test_full_game_returns_discovery_recommendations" time="1.840" /><testcase classname="backend.tests.test_eliminative_logic_game.TestDiscoveryPoolRecommendations" name="test_recommendations_have_why_youll_like" time="0.715" /><testcase classname="backend.tests.test_eliminative_logic_game.TestDiscoveryPoolRecommendations" name="test_recommendations_have_genres_array" time="0.758" /><testcase classname="backend.tests.test_eliminative_logic_game.TestRecencyBias" name="test_recency_bias_applied_correctly" time="0.720" /></testsuite></testsuites>