<?xml version="1.0" encoding="utf-8"?><testsuites name="pytest tests"><testsuite name="pytest" errors="0" failures="0" skipped="0" tests="15" time="3.831" timestamp="2026-03-04T06:51:02.107367+00:00" hostname="agent-env-3055b73c-8173-49a0-94d8-3d1b496eda69"><testcase classname="backend.tests.test_comfort_weather.TestComfortEndpointBackwardCompatibility" name="test_comfort_without_location" time="0.359" /><testcase classname="backend.tests.test_comfort_weather.TestComfortEndpointBackwardCompatibility" name="test_comfort_with_legacy_params" time="0.136" /><testcase classname="backend.tests.test_comfort_weather.TestComfortWithWeatherLocation" name="test_comfort_with_nyc_location" time="0.642" /><testcase classname="backend.tests.test_comfort_weather.TestComfortWithWeatherLocation" name="test_comfort_with_mumbai_location" time="0.568" /><testcase classname="backend.tests.test_comfort_weather.TestComfortWithWeatherLocation" name="test_comfort_weather_field_is_string" time="0.137" /><testcase classname="backend.tests.test_comfort_weather.TestComfortScoring" name="test_late_night_scoring_boost" time="0.107" /><testcase classname="backend.tests.test_comfort_weather.TestComfortScoring" name="test_daytime_scoring" time="0.102" /><testcase classname="backend.tests.test_comfort_weather.TestComfortScoring" name="test_evening_scoring" time="0.140" /><testcase classname="backend.tests.test_comfort_weather.TestComfortVibeTags" name="test_vibe_tag_present" time="0.105" /><testcase classname="backend.tests.test_comfort_weather.TestComfortVibeTags" name="test_late_night_vibe_tag" time="0.104" /><testcase classname="backend.tests.test_comfort_weather.TestComfortResponseStructure" name="test_response_has_required_fields" time="0.161" /><testcase classname="backend.tests.test_comfort_weather.TestComfortResponseStructure" name="test_movie_structure" time="0.100" /><testcase classname="backend.tests.test_comfort_weather.TestComfortResponseStructure" name="test_returns_up_to_3_movies" time="0.143" /><testcase classname="backend.tests.test_comfort_weather.TestWeatherCaching" name="test_cached_flag_returned" time="0.763" /><testcase classname="backend.tests.test_comfort_weather.TestWeatherDifferentLocations" name="test_different_locations_different_weather" time="0.199" /></testsuite></testsuites>