<?xml version="1.0" encoding="utf-8"?><testsuites name="pytest tests"><testsuite name="pytest" errors="0" failures="0" skipped="0" tests="17" time="2.648" timestamp="2026-03-04T07:17:32.324405+00:00" hostname="agent-env-3055b73c-8173-49a0-94d8-3d1b496eda69"><testcase classname="backend.tests.test_streaming.TestStreamingAvailability" name="test_streaming_dark_knight_us" time="0.233" /><testcase classname="backend.tests.test_streaming.TestStreamingAvailability" name="test_streaming_godfather_us" time="0.102" /><testcase classname="backend.tests.test_streaming.TestStreamingAvailability" name="test_streaming_option_fields" time="0.111" /><testcase classname="backend.tests.test_streaming.TestStreamingAvailability" name="test_streaming_price_fields" time="0.137" /><testcase classname="backend.tests.test_streaming.TestStreamingAvailability" name="test_filters_to_allowed_services_only" time="0.105" /><testcase classname="backend.tests.test_streaming.TestStreamingAvailability" name="test_service_display_mapping" time="0.100" /><testcase classname="backend.tests.test_streaming.TestStreamingCountryCodes" name="test_country_us" time="0.104" /><testcase classname="backend.tests.test_streaming.TestStreamingCountryCodes" name="test_country_gb" time="0.110" /><testcase classname="backend.tests.test_streaming.TestStreamingCountryCodes" name="test_country_ca" time="0.359" /><testcase classname="backend.tests.test_streaming.TestStreamingCountryCodes" name="test_country_code_normalized_lowercase" time="0.100" /><testcase classname="backend.tests.test_streaming.TestStreamingCache" name="test_cache_second_call" time="0.229" /><testcase classname="backend.tests.test_streaming.TestStreamingCache" name="test_cache_returns_same_results" time="0.217" /><testcase classname="backend.tests.test_streaming.TestStreamingErrorHandling" name="test_invalid_movie_id_returns_empty" time="0.102" /><testcase classname="backend.tests.test_streaming.TestStreamingErrorHandling" name="test_default_country_us" time="0.099" /><testcase classname="backend.tests.test_streaming.TestMovieDetailIntegration" name="test_movie_detail_has_required_fields" time="0.252" /><testcase classname="backend.tests.test_streaming.TestMovieDetailIntegration" name="test_movie_detail_cast_structure" time="0.103" /><testcase classname="backend.tests.test_streaming.TestMovieDetailIntegration" name="test_movie_detail_similar_structure" time="0.109" /></testsuite></testsuites>