<?xml version="1.0" encoding="utf-8"?><testsuites name="pytest tests"><testsuite name="pytest" errors="0" failures="0" skipped="0" tests="16" time="15.538" timestamp="2026-03-05T23:09:12.704574+00:00" hostname="agent-env-47e59487-4c41-40e0-bc62-b370ddd23d99"><testcase classname="backend.tests.test_letterboxd_import.TestLetterboxdImport" name="test_zip_import_accepts_zip_file" time="1.373" /><testcase classname="backend.tests.test_letterboxd_import.TestLetterboxdImport" name="test_zip_import_creates_diary_entries_from_ratings" time="1.157" /><testcase classname="backend.tests.test_letterboxd_import.TestLetterboxdImport" name="test_zip_import_converts_5_star_to_10_point_rating" time="1.221" /><testcase classname="backend.tests.test_letterboxd_import.TestLetterboxdImport" name="test_zip_import_merges_reviews_as_comments" time="1.160" /><testcase classname="backend.tests.test_letterboxd_import.TestLetterboxdImport" name="test_zip_import_creates_watchlist_entries" time="1.291" /><testcase classname="backend.tests.test_letterboxd_import.TestLetterboxdImport" name="test_zip_import_sets_source_letterboxd_on_diary" time="1.178" /><testcase classname="backend.tests.test_letterboxd_import.TestLetterboxdImport" name="test_zip_import_sets_source_letterboxd_on_watchlist" time="1.243" /><testcase classname="backend.tests.test_letterboxd_import.TestLetterboxdImport" name="test_zip_import_idempotent_no_duplicates" time="1.543" /><testcase classname="backend.tests.test_letterboxd_import.TestLetterboxdImport" name="test_zip_import_returns_stats" time="1.079" /><testcase classname="backend.tests.test_letterboxd_import.TestLetterboxdImport" name="test_csv_import_still_works" time="0.378" /><testcase classname="backend.tests.test_letterboxd_import.TestLetterboxdImport" name="test_import_rejects_invalid_file_type" time="0.367" /><testcase classname="backend.tests.test_letterboxd_import.TestLetterboxdImport" name="test_import_requires_authentication" time="0.333" /><testcase classname="backend.tests.test_letterboxd_import.TestLetterboxdImport" name="test_watch_history_returns_source_field" time="1.158" /><testcase classname="backend.tests.test_letterboxd_import.TestLetterboxdImport" name="test_watchlist_returns_source_field" time="1.150" /><testcase classname="backend.tests.test_letterboxd_import.TestLetterboxdDataEndpoint" name="test_letterboxd_data_returns_not_connected_initially" time="0.169" /><testcase classname="backend.tests.test_letterboxd_import.TestLetterboxdDataEndpoint" name="test_letterboxd_data_returns_connected_after_import" time="0.670" /></testsuite></testsuites>