<?xml version="1.0" encoding="utf-8"?><testsuites name="pytest tests"><testsuite name="pytest" errors="0" failures="0" skipped="0" tests="12" time="2.383" timestamp="2026-03-04T22:09:41.783332+00:00" hostname="agent-env-3055b73c-8173-49a0-94d8-3d1b496eda69"><testcase classname="backend.tests.test_forgot_reset_password.TestForgotPassword" name="test_forgot_password_nonexistent_email_returns_404" time="0.167" /><testcase classname="backend.tests.test_forgot_reset_password.TestForgotPassword" name="test_forgot_password_existing_email_returns_200" time="0.430" /><testcase classname="backend.tests.test_forgot_reset_password.TestForgotPassword" name="test_forgot_password_generates_valid_token" time="0.123" /><testcase classname="backend.tests.test_forgot_reset_password.TestResetPassword" name="test_reset_password_invalid_token_returns_400" time="0.114" /><testcase classname="backend.tests.test_forgot_reset_password.TestResetPassword" name="test_reset_password_expired_token_returns_400" time="0.185" /><testcase classname="backend.tests.test_forgot_reset_password.TestResetPassword" name="test_reset_password_short_password_rejected" time="0.202" /><testcase classname="backend.tests.test_forgot_reset_password.TestResetPassword" name="test_reset_password_valid_token_changes_password" time="0.307" /><testcase classname="backend.tests.test_forgot_reset_password.TestResetPassword" name="test_reset_password_used_token_rejected" time="0.181" /><testcase classname="backend.tests.test_forgot_reset_password.TestLoginErrorMessages" name="test_login_nonexistent_email_returns_404" time="0.134" /><testcase classname="backend.tests.test_forgot_reset_password.TestLoginErrorMessages" name="test_login_wrong_password_returns_401" time="0.178" /><testcase classname="backend.tests.test_forgot_reset_password.TestLoginErrorMessages" name="test_login_correct_credentials_returns_200" time="0.202" /><testcase classname="backend.tests.test_forgot_reset_password.TestCleanup" name="test_cleanup_test_data" time="0.002" /></testsuite></testsuites>