<?xml version="1.0" encoding="utf-8"?><testsuites name="pytest tests"><testsuite name="pytest" errors="0" failures="0" skipped="0" tests="18" time="4.062" timestamp="2026-04-06T19:58:11.922910+00:00" hostname="agent-env-0d3a3504-65aa-464f-a469-766090507f4f"><testcase classname="backend.tests.test_movie_game.TestGameStart" name="test_game_start_returns_session_id" time="0.564" /><testcase classname="backend.tests.test_movie_game.TestGameStart" name="test_game_start_returns_round_1" time="0.050" /><testcase classname="backend.tests.test_movie_game.TestGameStart" name="test_game_start_returns_two_movies" time="0.049" /><testcase classname="backend.tests.test_movie_game.TestGameStart" name="test_game_start_returns_max_rounds" time="0.052" /><testcase classname="backend.tests.test_movie_game.TestGameStart" name="test_game_start_king_position_null_first_round" time="0.051" /><testcase classname="backend.tests.test_movie_game.TestGameChoose" name="test_choose_progresses_to_next_round" time="0.287" /><testcase classname="backend.tests.test_movie_game.TestGameChoose" name="test_choose_king_stays_on_left" time="0.111" /><testcase classname="backend.tests.test_movie_game.TestGameChoose" name="test_choose_returns_current_scores" time="0.116" /><testcase classname="backend.tests.test_movie_game.TestReactionTimeScoring" name="test_fast_reaction_high_multiplier" time="0.102" /><testcase classname="backend.tests.test_movie_game.TestReactionTimeScoring" name="test_super_like_doubles_multiplier" time="0.104" /><testcase classname="backend.tests.test_movie_game.TestGameSkip" name="test_skip_gives_fresh_matchup" time="0.370" /><testcase classname="backend.tests.test_movie_game.TestGameSkip" name="test_skip_returns_two_new_movies" time="0.102" /><testcase classname="backend.tests.test_movie_game.TestGameCantDecide" name="test_cant_decide_gives_equal_points" time="0.218" /><testcase classname="backend.tests.test_movie_game.TestGameCantDecide" name="test_cant_decide_keeps_king_if_exists" time="0.310" /><testcase classname="backend.tests.test_movie_game.TestGameCompletion" name="test_game_ends_at_round_10" time="1.314" /><testcase classname="backend.tests.test_movie_game.TestGameSessionManagement" name="test_invalid_session_returns_404" time="0.060" /><testcase classname="backend.tests.test_movie_game.TestGameSessionManagement" name="test_skip_invalid_session_returns_404" time="0.051" /><testcase classname="backend.tests.test_movie_game.TestUnauthenticatedAccess" name="test_game_start_without_auth" time="0.065" /></testsuite></testsuites>