<?xml version="1.0" encoding="utf-8"?><testsuites name="pytest tests"><testsuite name="pytest" errors="0" failures="0" skipped="0" tests="15" time="2.093" timestamp="2026-07-22T03:11:05.602280+00:00" hostname="agent-env-0d3a3504-65aa-464f-a469-766090507f4f"><testcase classname="backend.tests.test_starter_library_onboarding.TestOnboardingEligibility" name="test_eligibility_requires_auth" time="0.184" /><testcase classname="backend.tests.test_starter_library_onboarding.TestOnboardingEligibility" name="test_eligibility_returns_full_schema" time="0.107" /><testcase classname="backend.tests.test_starter_library_onboarding.TestPopularMovies" name="test_popular_movies_returns_list" time="0.357" /><testcase classname="backend.tests.test_starter_library_onboarding.TestPopularMovies" name="test_popular_movies_returns_expected_count" time="0.064" /><testcase classname="backend.tests.test_starter_library_onboarding.TestPopularMovies" name="test_popular_movies_shape" time="0.058" /><testcase classname="backend.tests.test_starter_library_onboarding.TestPopularMovies" name="test_popular_movies_no_duplicates" time="0.052" /><testcase classname="backend.tests.test_starter_library_onboarding.TestSkipOnboarding" name="test_skip_requires_auth" time="0.051" /><testcase classname="backend.tests.test_starter_library_onboarding.TestSkipOnboarding" name="test_skip_persists" time="0.100" /><testcase classname="backend.tests.test_starter_library_onboarding.TestSkipOnboarding" name="test_skip_does_not_change_eligibility_when_below_minimum" time="0.152" /><testcase classname="backend.tests.test_starter_library_onboarding.TestCompleteOnboarding" name="test_complete_requires_auth" time="0.048" /><testcase classname="backend.tests.test_starter_library_onboarding.TestCompleteOnboarding" name="test_complete_persists" time="0.096" /><testcase classname="backend.tests.test_starter_library_onboarding.TestOnboardingAddMovieFlow" name="test_add_movie_via_watch_history_updates_diary_count" time="0.471" /><testcase classname="backend.tests.test_starter_library_onboarding.TestOnboardingAddMovieFlow" name="test_onboarding_no_longer_eligible_after_5_movies" time="0.050" /><testcase classname="backend.tests.test_starter_library_onboarding.TestHomeSections" name="test_trending_movies" time="0.177" /><testcase classname="backend.tests.test_starter_library_onboarding.TestHomeSections" name="test_user_profile" time="0.050" /></testsuite></testsuites>