<?xml version="1.0" encoding="utf-8"?><testsuites name="pytest tests"><testsuite name="pytest" errors="0" failures="0" skipped="0" tests="12" time="15.400" timestamp="2026-09-09T17:08:42.842211+00:00" hostname="agent-env-0d3a3504-65aa-464f-a469-766090507f4f"><testcase classname="backend.tests.test_unified_search.TestSearchSuggestions" name="test_suggestions_title_match" time="0.494" /><testcase classname="backend.tests.test_unified_search.TestSearchSuggestions" name="test_suggestions_person_and_titles" time="0.305" /><testcase classname="backend.tests.test_unified_search.TestSearchSuggestions" name="test_suggestions_short_query_rejected" time="0.246" /><testcase classname="backend.tests.test_unified_search.TestPersonCredits" name="test_person_nolan" time="0.380" /><testcase classname="backend.tests.test_unified_search.TestPersonCredits" name="test_person_not_found" time="0.322" /><testcase classname="backend.tests.test_unified_search.TestSearchIntent" name="test_intent_entity" time="0.161" /><testcase classname="backend.tests.test_unified_search.TestSearchIntent" name="test_intent_vibe" time="0.377" /><testcase classname="backend.tests.test_unified_search.TestVibeSearch" name="test_vibe_no_auth_returns_5" time="7.245" /><testcase classname="backend.tests.test_unified_search.TestVibeSearch" name="test_vibe_with_auth_returns_5" time="4.768" /><testcase classname="backend.tests.test_unified_search.TestMovieDetailsMediaType" name="test_tv_show_details" time="0.255" /><testcase classname="backend.tests.test_unified_search.TestMovieDetailsMediaType" name="test_movie_details_still_works" time="0.338" /><testcase classname="backend.tests.test_unified_search.TestMovieDetailsMediaType" name="test_tv_streaming_no_error" time="0.447" /></testsuite></testsuites>